<?xml version="1.0" encoding="UTF-8"?>
<robot generator="Robot 6.0.2 (Python 3.11.2 on win32)" generated="20230210 11:12:35.273" rpa="false" schemaversion="3">
<suite id="s1" name="RobotFramework" source="C:\Users\Pc\Desktop\source\RobotFramework">
<suite id="s1-s1" name="Tags" source="C:\Users\Pc\Desktop\source\RobotFramework\Tags.robot">
<kw name="Log" library="BuiltIn" type="SETUP">
<arg>I am inside Test Suite Setup</arg>
<doc>Logs the given message with the given level.</doc>
<msg timestamp="20230210 11:12:35.907" level="INFO">I am inside Test Suite Setup</msg>
<status status="PASS" starttime="20230210 11:12:35.905" endtime="20230210 11:12:35.908"/>
</kw>
<test id="s1-s1-t1" name="MyFirstTest" line="12">
<kw name="Log" library="BuiltIn" type="SETUP">
<arg>I am Test Setup</arg>
<doc>Logs the given message with the given level.</doc>
<msg timestamp="20230210 11:12:35.913" level="INFO">I am Test Setup</msg>
<status status="PASS" starttime="20230210 11:12:35.912" endtime="20230210 11:12:35.915"/>
</kw>
<kw name="Log" library="BuiltIn">
<arg>Hello world....</arg>
<doc>Logs the given message with the given level.</doc>
<msg timestamp="20230210 11:12:35.916" level="INFO">Hello world....</msg>
<status status="PASS" starttime="20230210 11:12:35.916" endtime="20230210 11:12:35.918"/>
</kw>
<kw name="Log" library="BuiltIn" type="TEARDOWN">
<arg>I am Test Teardown</arg>
<doc>Logs the given message with the given level.</doc>
<msg timestamp="20230210 11:12:35.923" level="INFO">I am Test Teardown</msg>
<status status="PASS" starttime="20230210 11:12:35.921" endtime="20230210 11:12:35.927"/>
</kw>
<tag>smoke</tag>
<status status="PASS" starttime="20230210 11:12:35.908" endtime="20230210 11:12:35.929"/>
</test>
<test id="s1-s1-t2" name="MySecondTest" line="16">
<kw name="Log" library="BuiltIn" type="SETUP">
<arg>I am Test Setup</arg>
<doc>Logs the given message with the given level.</doc>
<msg timestamp="20230210 11:12:35.936" level="INFO">I am Test Setup</msg>
<status status="PASS" starttime="20230210 11:12:35.935" endtime="20230210 11:12:35.937"/>
</kw>
<kw name="Log" library="BuiltIn">
<arg>I am inside the second test</arg>
<doc>Logs the given message with the given level.</doc>
<msg timestamp="20230210 11:12:35.947" level="INFO">I am inside the second test</msg>
<status status="PASS" starttime="20230210 11:12:35.941" endtime="20230210 11:12:35.948"/>
</kw>
<kw name="Set Tags" library="BuiltIn">
<arg>regression1</arg>
<doc>Adds given ``tags`` for the current test or all tests in a suite.</doc>
<msg timestamp="20230210 11:12:35.950" level="INFO">Set tag 'regression1'.</msg>
<status status="PASS" starttime="20230210 11:12:35.949" endtime="20230210 11:12:35.951"/>
</kw>
<kw name="Log" library="BuiltIn" type="TEARDOWN">
<arg>I am Test Teardown</arg>
<doc>Logs the given message with the given level.</doc>
<msg timestamp="20230210 11:12:35.954" level="INFO">I am Test Teardown</msg>
<status status="PASS" starttime="20230210 11:12:35.953" endtime="20230210 11:12:35.955"/>
</kw>
<tag>regression1</tag>
<tag>sanity</tag>
<status status="PASS" starttime="20230210 11:12:35.933" endtime="20230210 11:12:35.957"/>
</test>
<test id="s1-s1-t3" name="MyThirdTest" line="20">
<kw name="Log" library="BuiltIn" type="SETUP">
<arg>I am Test Setup</arg>
<doc>Logs the given message with the given level.</doc>
<msg timestamp="20230210 11:12:35.969" level="INFO">I am Test Setup</msg>
<status status="PASS" starttime="20230210 11:12:35.968" endtime="20230210 11:12:35.970"/>
</kw>
<kw name="Log" library="BuiltIn">
<arg>I am inside the third test</arg>
<doc>Logs the given message with the given level.</doc>
<msg timestamp="20230210 11:12:35.974" level="INFO">I am inside the third test</msg>
<status status="PASS" starttime="20230210 11:12:35.972" endtime="20230210 11:12:35.978"/>
</kw>
<kw name="Log" library="BuiltIn" type="TEARDOWN">
<arg>I am Test Teardown</arg>
<doc>Logs the given message with the given level.</doc>
<msg timestamp="20230210 11:12:35.981" level="INFO">I am Test Teardown</msg>
<status status="PASS" starttime="20230210 11:12:35.980" endtime="20230210 11:12:35.982"/>
</kw>
<tag>sanity</tag>
<status status="PASS" starttime="20230210 11:12:35.966" endtime="20230210 11:12:35.986"/>
</test>
<kw name="Log" library="BuiltIn" type="TEARDOWN">
<arg>I am inside Test Suite Teardown</arg>
<doc>Logs the given message with the given level.</doc>
<msg timestamp="20230210 11:12:35.993" level="INFO">I am inside Test Suite Teardown</msg>
<status status="PASS" starttime="20230210 11:12:35.990" endtime="20230210 11:12:35.997"/>
</kw>
<status status="PASS" starttime="20230210 11:12:35.354" endtime="20230210 11:12:35.997"/>
</suite>
<status status="PASS" starttime="20230210 11:12:35.288" endtime="20230210 11:12:36.012"/>
</suite>
<statistics>
<total>
<stat pass="3" fail="0" skip="0">All Tests</stat>
</total>
<tag>
<stat pass="1" fail="0" skip="0">regression1</stat>
<stat pass="2" fail="0" skip="0">sanity</stat>
<stat pass="1" fail="0" skip="0">smoke</stat>
</tag>
<suite>
<stat pass="3" fail="0" skip="0" id="s1" name="RobotFramework">RobotFramework</stat>
<stat pass="3" fail="0" skip="0" id="s1-s1" name="Tags">RobotFramework.Tags</stat>
</suite>
</statistics>
<errors>
</errors>
</robot>
